-- The C compiler identification is GNU 13.1.0
-- The CXX compiler identification is GNU 13.1.0
-- Detecting C compiler ABI info
-- Detecting C compiler ABI info - done
-- Check for working C compiler: /usr/bin/cc - skipped
-- Detecting C compile features
-- Detecting C compile features - done
-- Detecting CXX compiler ABI info
-- Detecting CXX compiler ABI info - done
-- Check for working CXX compiler: /usr/bin/c++ - skipped
-- Detecting CXX compile features
-- Detecting CXX compile features - done
-- Found ament_cmake: 1.3.5 (/opt/ros/humble/share/ament_cmake/cmake)
-- Found Python3: /usr/bin/python3.10 (found version "3.10.12") found components: Interpreter 
-- Found ament_lint_auto: 0.12.7 (/opt/ros/humble/share/ament_lint_auto/cmake)
-- Added test 'lint_cmake' to check CMake code style
-- Added test 'xmllint' to check XML markup files
-- Configuring done
-- Generating done
-- Build files have been written to: /home/handsome/research/srtp/xmate/controller/build/ros2_controller
-- Install configuration: ""
-- Installing: /home/handsome/research/srtp/xmate/controller/install/ros2_controller/share/ament_index/resource_index/package_run_dependencies/ros2_controller
-- Installing: /home/handsome/research/srtp/xmate/controller/install/ros2_controller/share/ament_index/resource_index/parent_prefix_path/ros2_controller
-- Installing: /home/handsome/research/srtp/xmate/controller/install/ros2_controller/share/ros2_controller/environment/ament_prefix_path.sh
-- Installing: /home/handsome/research/srtp/xmate/controller/install/ros2_controller/share/ros2_controller/environment/ament_prefix_path.dsv
-- Installing: /home/handsome/research/srtp/xmate/controller/install/ros2_controller/share/ros2_controller/environment/path.sh
-- Installing: /home/handsome/research/srtp/xmate/controller/install/ros2_controller/share/ros2_controller/environment/path.dsv
-- Installing: /home/handsome/research/srtp/xmate/controller/install/ros2_controller/share/ros2_controller/local_setup.bash
-- Installing: /home/handsome/research/srtp/xmate/controller/install/ros2_controller/share/ros2_controller/local_setup.sh
-- Installing: /home/handsome/research/srtp/xmate/controller/install/ros2_controller/share/ros2_controller/local_setup.zsh
-- Installing: /home/handsome/research/srtp/xmate/controller/install/ros2_controller/share/ros2_controller/local_setup.dsv
-- Installing: /home/handsome/research/srtp/xmate/controller/install/ros2_controller/share/ros2_controller/package.dsv
-- Installing: /home/handsome/research/srtp/xmate/controller/install/ros2_controller/share/ament_index/resource_index/packages/ros2_controller
-- Installing: /home/handsome/research/srtp/xmate/controller/install/ros2_controller/share/ros2_controller/cmake/ros2_controllerConfig.cmake
-- Installing: /home/handsome/research/srtp/xmate/controller/install/ros2_controller/share/ros2_controller/cmake/ros2_controllerConfig-version.cmake
-- Installing: /home/handsome/research/srtp/xmate/controller/install/ros2_controller/share/ros2_controller/package.xml
