[0.010s] Invoking command in '/home/handsome/research/srtp/xmate/controller/build/ros2_controller': CMAKE_PREFIX_PATH=${CMAKE_PREFIX_PATH}:/opt/ros/humble /usr/bin/cmake /home/handsome/research/srtp/xmate/controller/src/ros2_controller -DCMAKE_INSTALL_PREFIX=/home/handsome/research/srtp/xmate/controller/install/ros2_controller
[0.125s] -- The C compiler identification is GNU 13.1.0
[0.190s] -- The CXX compiler identification is GNU 13.1.0
[0.199s] -- Detecting C compiler ABI info
[0.247s] -- Detecting C compiler ABI info - done
[0.252s] -- Check for working C compiler: /usr/bin/cc - skipped
[0.252s] -- Detecting C compile features
[0.253s] -- Detecting C compile features - done
[0.255s] -- Detecting CXX compiler ABI info
[0.308s] -- Detecting CXX compiler ABI info - done
[0.313s] -- Check for working CXX compiler: /usr/bin/c++ - skipped
[0.313s] -- Detecting CXX compile features
[0.313s] -- Detecting CXX compile features - done
[0.377s] -- Found ament_cmake: 1.3.5 (/opt/ros/humble/share/ament_cmake/cmake)
[0.490s] -- Found Python3: /usr/bin/python3.10 (found version "3.10.12") found components: Interpreter 
[0.562s] -- Found ament_lint_auto: 0.12.7 (/opt/ros/humble/share/ament_lint_auto/cmake)
[0.620s] -- Added test 'lint_cmake' to check CMake code style
[0.621s] -- Added test 'xmllint' to check XML markup files
[0.622s] -- Configuring done
[0.624s] -- Generating done
[0.624s] -- Build files have been written to: /home/handsome/research/srtp/xmate/controller/build/ros2_controller
[0.628s] Invoked command in '/home/handsome/research/srtp/xmate/controller/build/ros2_controller' returned '0': CMAKE_PREFIX_PATH=${CMAKE_PREFIX_PATH}:/opt/ros/humble /usr/bin/cmake /home/handsome/research/srtp/xmate/controller/src/ros2_controller -DCMAKE_INSTALL_PREFIX=/home/handsome/research/srtp/xmate/controller/install/ros2_controller
[0.629s] Invoking command in '/home/handsome/research/srtp/xmate/controller/build/ros2_controller': CMAKE_PREFIX_PATH=${CMAKE_PREFIX_PATH}:/opt/ros/humble /usr/bin/cmake --build /home/handsome/research/srtp/xmate/controller/build/ros2_controller -- -j8 -l8
[0.653s] Invoked command in '/home/handsome/research/srtp/xmate/controller/build/ros2_controller' returned '0': CMAKE_PREFIX_PATH=${CMAKE_PREFIX_PATH}:/opt/ros/humble /usr/bin/cmake --build /home/handsome/research/srtp/xmate/controller/build/ros2_controller -- -j8 -l8
[0.672s] Invoking command in '/home/handsome/research/srtp/xmate/controller/build/ros2_controller': CMAKE_PREFIX_PATH=${CMAKE_PREFIX_PATH}:/opt/ros/humble /usr/bin/cmake --install /home/handsome/research/srtp/xmate/controller/build/ros2_controller
[0.677s] -- Install configuration: ""
[0.677s] -- Installing: /home/handsome/research/srtp/xmate/controller/install/ros2_controller/share/ament_index/resource_index/package_run_dependencies/ros2_controller
[0.677s] -- Installing: /home/handsome/research/srtp/xmate/controller/install/ros2_controller/share/ament_index/resource_index/parent_prefix_path/ros2_controller
[0.677s] -- Installing: /home/handsome/research/srtp/xmate/controller/install/ros2_controller/share/ros2_controller/environment/ament_prefix_path.sh
[0.677s] -- Installing: /home/handsome/research/srtp/xmate/controller/install/ros2_controller/share/ros2_controller/environment/ament_prefix_path.dsv
[0.677s] -- Installing: /home/handsome/research/srtp/xmate/controller/install/ros2_controller/share/ros2_controller/environment/path.sh
[0.677s] -- Installing: /home/handsome/research/srtp/xmate/controller/install/ros2_controller/share/ros2_controller/environment/path.dsv
[0.677s] -- Installing: /home/handsome/research/srtp/xmate/controller/install/ros2_controller/share/ros2_controller/local_setup.bash
[0.678s] -- Installing: /home/handsome/research/srtp/xmate/controller/install/ros2_controller/share/ros2_controller/local_setup.sh
[0.678s] -- Installing: /home/handsome/research/srtp/xmate/controller/install/ros2_controller/share/ros2_controller/local_setup.zsh
[0.678s] -- Installing: /home/handsome/research/srtp/xmate/controller/install/ros2_controller/share/ros2_controller/local_setup.dsv
[0.678s] -- Installing: /home/handsome/research/srtp/xmate/controller/install/ros2_controller/share/ros2_controller/package.dsv
[0.678s] -- Installing: /home/handsome/research/srtp/xmate/controller/install/ros2_controller/share/ament_index/resource_index/packages/ros2_controller
[0.678s] -- Installing: /home/handsome/research/srtp/xmate/controller/install/ros2_controller/share/ros2_controller/cmake/ros2_controllerConfig.cmake
[0.678s] -- Installing: /home/handsome/research/srtp/xmate/controller/install/ros2_controller/share/ros2_controller/cmake/ros2_controllerConfig-version.cmake
[0.678s] -- Installing: /home/handsome/research/srtp/xmate/controller/install/ros2_controller/share/ros2_controller/package.xml
[0.680s] Invoked command in '/home/handsome/research/srtp/xmate/controller/build/ros2_controller' returned '0': CMAKE_PREFIX_PATH=${CMAKE_PREFIX_PATH}:/opt/ros/humble /usr/bin/cmake --install /home/handsome/research/srtp/xmate/controller/build/ros2_controller
